app/build/intermediates/manifest_merge_blame_file/qaDebug/manifest-merger-blame-qa-debug-report.txt
1<?xml version="1.0" encoding="utf-8"?>
2<manifest xmlns:android="http://schemas.android.com/apk/res/android"
3    package="com.cardio.physician.qa"
4    android:versionCode="1"
5    android:versionName="1.0-qa" >
6
7    <uses-sdk
7-->src/main/AndroidManifest.xml:6:5-157
8        android:minSdkVersion="23"
8-->src/main/AndroidManifest.xml:6:5-157
9        android:targetSdkVersion="30" />
9-->src/main/AndroidManifest.xml:6:5-157
10
11    <uses-feature android:name="android.hardware.camera" />
11-->src/main/AndroidManifest.xml:8:5-60
11-->src/main/AndroidManifest.xml:8:19-57
12
13    <uses-permission android:name="android.permission.ACCESS_WIFI_STATE" />
13-->src/main/AndroidManifest.xml:10:5-76
13-->src/main/AndroidManifest.xml:10:22-73
14    <uses-permission android:name="android.permission.INTERNET" />
14-->src/main/AndroidManifest.xml:11:5-67
14-->src/main/AndroidManifest.xml:11:22-64
15    <uses-permission android:name="android.permission.RECORD_AUDIO" />
15-->src/main/AndroidManifest.xml:12:5-71
15-->src/main/AndroidManifest.xml:12:22-68
16    <uses-permission android:name="android.permission.READ_EXTERNAL_STORAGE" />
16-->src/main/AndroidManifest.xml:13:5-80
16-->src/main/AndroidManifest.xml:13:22-77
17    <uses-permission android:name="android.permission.WRITE_EXTERNAL_STORAGE" />
17-->src/main/AndroidManifest.xml:14:5-16:40
17-->src/main/AndroidManifest.xml:15:9-65
18    <uses-permission android:name="android.permission.CAMERA" />
18-->src/main/AndroidManifest.xml:17:5-65
18-->src/main/AndroidManifest.xml:17:22-62
19    <uses-permission android:name="android.permission.ACCESS_NETWORK_STATE" />
19-->src/main/AndroidManifest.xml:18:5-79
19-->src/main/AndroidManifest.xml:18:22-76
20
21    <queries>
21-->src/main/AndroidManifest.xml:20:5-24:15
22        <intent>
22-->src/main/AndroidManifest.xml:21:9-23:18
23            <action android:name="android.speech.RecognitionService" />
23-->src/main/AndroidManifest.xml:22:13-72
23-->src/main/AndroidManifest.xml:22:21-69
24        </intent>
25    </queries>
26    <queries>
26-->src/main/AndroidManifest.xml:20:5-24:15
27        <intent>
27-->src/main/AndroidManifest.xml:26:9-28:18
28            <action android:name="android.media.action.IMAGE_CAPTURE" />
28-->src/main/AndroidManifest.xml:27:13-73
28-->src/main/AndroidManifest.xml:27:21-70
29        </intent>
30    </queries>
31
32    <uses-permission android:name="android.permission.WAKE_LOCK" />
32-->[com.google.android.gms:play-services-measurement:19.0.0] AndroidManifest.xml:25:5-68
32-->[com.google.android.gms:play-services-measurement:19.0.0] AndroidManifest.xml:25:22-65
33    <uses-permission android:name="com.google.android.finsky.permission.BIND_GET_INSTALL_REFERRER_SERVICE" /> <!-- Required by older versions of Google Play services to create IID tokens -->
33-->[com.google.android.gms:play-services-measurement:19.0.0] AndroidManifest.xml:26:5-110
33-->[com.google.android.gms:play-services-measurement:19.0.0] AndroidManifest.xml:26:22-107
34    <uses-permission android:name="com.google.android.c2dm.permission.RECEIVE" />
34-->[com.google.firebase:firebase-messaging:22.0.0] AndroidManifest.xml:25:5-82
34-->[com.google.firebase:firebase-messaging:22.0.0] AndroidManifest.xml:25:22-79
35
36    <application
36-->src/main/AndroidManifest.xml:31:5-158:19
37        android:name="com.cardio.physician.ui.AppCardioPatient"
37-->src/main/AndroidManifest.xml:32:9-44
38        android:appComponentFactory="androidx.core.app.CoreComponentFactory"
38-->[androidx.core:core:1.3.2] AndroidManifest.xml:24:18-86
39        android:debuggable="true"
40        android:extractNativeLibs="false"
41        android:icon="@mipmap/ic_launcher"
41-->src/main/AndroidManifest.xml:33:9-43
42        android:label="@string/app_name"
42-->src/main/AndroidManifest.xml:34:9-41
43        android:supportsRtl="true"
43-->src/main/AndroidManifest.xml:35:9-35
44        android:testOnly="true"
45        android:theme="@style/AppTheme"
45-->src/main/AndroidManifest.xml:36:9-40
46        android:usesCleartextTraffic="true" >
46-->src/main/AndroidManifest.xml:37:9-44
47        <activity
47-->src/main/AndroidManifest.xml:40:9-125
48            android:name="com.cardio.physician.ui.views.profile.web_view.WebViewActivity"
48-->src/main/AndroidManifest.xml:40:19-76
49            android:screenOrientation="portrait" />
49-->src/main/AndroidManifest.xml:40:77-113
50        <activity
50-->src/main/AndroidManifest.xml:41:9-43:52
51            android:name="com.cardio.physician.ui.views.healthlogs.HealthLogsActivity"
51-->src/main/AndroidManifest.xml:42:13-67
52            android:screenOrientation="portrait" />
52-->src/main/AndroidManifest.xml:43:13-49
53        <activity
53-->src/main/AndroidManifest.xml:44:9-46:52
54            android:name="com.cardio.physician.ui.views.diagnosis.DiagnosisActivity"
54-->src/main/AndroidManifest.xml:45:13-65
55            android:screenOrientation="portrait" />
55-->src/main/AndroidManifest.xml:46:13-49
56        <activity
56-->src/main/AndroidManifest.xml:47:9-49:52
57            android:name="com.cardio.physician.ui.views.diagnosis.EditDiagnosisActivity"
57-->src/main/AndroidManifest.xml:48:13-69
58            android:screenOrientation="portrait" />
58-->src/main/AndroidManifest.xml:49:13-49
59        <activity
59-->src/main/AndroidManifest.xml:50:9-52:15
60            android:name="com.cardio.physician.ui.views.notifications.NotificationsActivity"
60-->src/main/AndroidManifest.xml:50:19-79
61            android:screenOrientation="portrait" />
61-->src/main/AndroidManifest.xml:51:13-49
62        <activity
62-->src/main/AndroidManifest.xml:53:9-61:20
63            android:name="com.cardio.physician.ui.views.splash.SplashActivity"
63-->src/main/AndroidManifest.xml:54:13-59
64            android:screenOrientation="portrait" >
64-->src/main/AndroidManifest.xml:55:13-49
65            <intent-filter>
65-->src/main/AndroidManifest.xml:56:13-60:29
66                <action android:name="android.intent.action.MAIN" />
66-->src/main/AndroidManifest.xml:57:17-69
66-->src/main/AndroidManifest.xml:57:25-66
67
68                <category android:name="android.intent.category.LAUNCHER" />
68-->src/main/AndroidManifest.xml:59:17-77
68-->src/main/AndroidManifest.xml:59:27-74
69            </intent-filter>
70        </activity>
71        <activity
71-->src/main/AndroidManifest.xml:62:9-64:52
72            android:name="com.cardio.physician.ui.views.tutorial.TutorialActivity"
72-->src/main/AndroidManifest.xml:63:13-63
73            android:screenOrientation="portrait" />
73-->src/main/AndroidManifest.xml:64:13-49
74        <activity
74-->src/main/AndroidManifest.xml:65:9-68:58
75            android:name="com.cardio.physician.ui.views.auth.AuthenticateUserActivity"
75-->src/main/AndroidManifest.xml:66:13-67
76            android:screenOrientation="portrait"
76-->src/main/AndroidManifest.xml:67:13-49
77            android:windowSoftInputMode="adjustResize" />
77-->src/main/AndroidManifest.xml:68:13-55
78        <activity
78-->src/main/AndroidManifest.xml:69:9-72:59
79            android:name="com.cardio.physician.ui.views.dashboard.DashboardActivity"
79-->src/main/AndroidManifest.xml:70:13-65
80            android:screenOrientation="portrait"
80-->src/main/AndroidManifest.xml:71:13-49
81            android:windowSoftInputMode="adjustNothing" />
81-->src/main/AndroidManifest.xml:72:13-56
82        <activity
82-->src/main/AndroidManifest.xml:73:9-75:52
83            android:name="com.cardio.physician.ui.views.change_email.ChangeEmailActivity"
83-->src/main/AndroidManifest.xml:74:13-70
84            android:screenOrientation="portrait" />
84-->src/main/AndroidManifest.xml:75:13-49
85        <activity
85-->src/main/AndroidManifest.xml:76:9-79:59
86            android:name="com.theartofdev.edmodo.cropper.CropImageActivity"
86-->src/main/AndroidManifest.xml:77:13-76
87            android:screenOrientation="portrait"
87-->src/main/AndroidManifest.xml:78:13-49
88            android:theme="@style/Base.Theme.AppCompat" />
88-->src/main/AndroidManifest.xml:79:13-56
89        <activity
89-->src/main/AndroidManifest.xml:80:9-82:45
90            android:name="com.cardio.physician.ui.views.fitbit.RootActivity"
90-->src/main/AndroidManifest.xml:81:13-77
91            android:label="Root Activity" />
91-->src/main/AndroidManifest.xml:82:13-42
92        <activity
92-->src/main/AndroidManifest.xml:83:9-96:20
93            android:name="com.cardio.physician.ui.views.fitbit.auth.LoginActivity"
93-->src/main/AndroidManifest.xml:84:13-83
94            android:launchMode="singleTop" >
94-->src/main/AndroidManifest.xml:85:13-43
95
96            <!--
97            <intent-filter android:label="filter_fitbit_auth">
98                <action android:name="android.intent.action.VIEW" />
99
100                <category android:name="android.intent.category.DEFAULT" />
101                <category android:name="android.intent.category.BROWSABLE" />
102                &lt;!&ndash; Accepts URIs that begin with "example://gizmos” &ndash;&gt;
103                <data
104                    android:host="fitbit"
105                    android:scheme="pocketcardio" />
106            </intent-filter>
107            -->
108        </activity>
109
110        <meta-data
110-->src/main/AndroidManifest.xml:98:9-100:38
111            android:name="com.fitbit.sampleandroidoauth2.CLIENT_ID"
111-->src/main/AndroidManifest.xml:99:13-68
112            android:value="23BD79" />
112-->src/main/AndroidManifest.xml:100:13-35
113        <meta-data
113-->src/main/AndroidManifest.xml:101:9-103:58
114            android:name="com.fitbit.sampleandroidoauth2.REDIRECT_URL"
114-->src/main/AndroidManifest.xml:102:13-71
115            android:value="pocketCardio://fitbit/auth" />
115-->src/main/AndroidManifest.xml:103:13-55
116
117        <activity
117-->src/main/AndroidManifest.xml:105:9-107:52
118            android:name="com.cardio.physician.ui.views.sync_health_data.activity.SyncHealthActivty"
118-->src/main/AndroidManifest.xml:106:13-81
119            android:screenOrientation="portrait" />
119-->src/main/AndroidManifest.xml:107:13-49
120        <activity
120-->src/main/AndroidManifest.xml:108:9-111:52
121            android:name="com.cardio.physician.ui.views.textrecognization.kotlin.CameraXLivePreviewActivity"
121-->src/main/AndroidManifest.xml:109:13-89
122            android:exported="true"
122-->src/main/AndroidManifest.xml:110:13-36
123            android:screenOrientation="portrait" />
123-->src/main/AndroidManifest.xml:111:13-49
124        <activity
124-->src/main/AndroidManifest.xml:112:9-115:52
125            android:name="com.google.mlkit.vision.demo.kotlin.StillImageActivity"
125-->src/main/AndroidManifest.xml:113:13-82
126            android:exported="true"
126-->src/main/AndroidManifest.xml:114:13-36
127            android:screenOrientation="portrait" />
127-->src/main/AndroidManifest.xml:115:13-49
128        <activity android:name="com.cardio.physician.ui.views.add_patient.AddPatientActivity" />
128-->src/main/AndroidManifest.xml:116:9-77
128-->src/main/AndroidManifest.xml:116:19-74
129        <activity android:name="com.cardio.physician.ui.views.illness.IllnessActivity" />
129-->src/main/AndroidManifest.xml:117:9-70
129-->src/main/AndroidManifest.xml:117:19-67
130
131        <provider
132            android:name="androidx.core.content.FileProvider"
132-->src/main/AndroidManifest.xml:120:13-62
133            android:authorities="com.cardio.physician.qa.fileprovider"
133-->src/main/AndroidManifest.xml:121:13-64
134            android:exported="false"
134-->src/main/AndroidManifest.xml:122:13-37
135            android:grantUriPermissions="true" >
135-->src/main/AndroidManifest.xml:123:13-47
136            <meta-data
136-->src/main/AndroidManifest.xml:124:13-126:54
137                android:name="android.support.FILE_PROVIDER_PATHS"
137-->src/main/AndroidManifest.xml:125:17-67
138                android:resource="@xml/file_paths" />
138-->src/main/AndroidManifest.xml:126:17-51
139        </provider> <!-- fitbit activities -->
140        <service
140-->src/main/AndroidManifest.xml:128:9-131:39
141            android:name="com.cardio.physician.ui.service.SyncHeathDataService"
141-->src/main/AndroidManifest.xml:129:13-60
142            android:enabled="true"
142-->src/main/AndroidManifest.xml:130:13-35
143            android:exported="true" />
143-->src/main/AndroidManifest.xml:131:13-36
144
145        <meta-data
145-->src/main/AndroidManifest.xml:133:9-135:69
146            android:name="com.google.android.gms.version"
146-->src/main/AndroidManifest.xml:134:13-58
147            android:value="@integer/google_play_services_version" />
147-->src/main/AndroidManifest.xml:135:13-66
148        <!--
149 Optional: Add it to automatically download ML model to device after
150  your app is installed.
151        -->
152        <meta-data
152-->src/main/AndroidManifest.xml:140:9-142:39
153            android:name="com.google.mlkit.vision.DEPENDENCIES"
153-->src/main/AndroidManifest.xml:141:13-64
154            android:value="ocr,ica" />
154-->src/main/AndroidManifest.xml:142:13-36
155
156        <!-- for firebase push notificatons -->
157        <service
157-->src/main/AndroidManifest.xml:145:9-151:19
158            android:name="com.cardio.physician.ui.service.FirebasePushNotificationService"
158-->src/main/AndroidManifest.xml:146:13-71
159            android:exported="false" >
159-->src/main/AndroidManifest.xml:147:13-37
160            <intent-filter>
160-->src/main/AndroidManifest.xml:148:13-150:29
161                <action android:name="com.google.firebase.MESSAGING_EVENT" />
161-->src/main/AndroidManifest.xml:149:17-78
161-->src/main/AndroidManifest.xml:149:25-75
162            </intent-filter>
163        </service>
164
165        <meta-data
165-->src/main/AndroidManifest.xml:153:9-155:71
166            android:name="com.google.firebase.messaging.default_notification_channel_id"
166-->src/main/AndroidManifest.xml:154:13-89
167            android:value="@string/default_notification_channel_id" />
167-->src/main/AndroidManifest.xml:155:13-68
168
169        <service
169-->[com.google.firebase:firebase-crashlytics-ktx:18.1.0] AndroidManifest.xml:24:9-30:19
170            android:name="com.google.firebase.components.ComponentDiscoveryService"
170-->[com.google.firebase:firebase-crashlytics-ktx:18.1.0] AndroidManifest.xml:25:13-84
171            android:directBootAware="true"
171-->[com.google.firebase:firebase-common:20.0.0] AndroidManifest.xml:35:13-43
172            android:exported="false" >
172-->[com.google.firebase:firebase-crashlytics-ktx:18.1.0] AndroidManifest.xml:26:13-37
173            <meta-data
173-->[com.google.firebase:firebase-crashlytics-ktx:18.1.0] AndroidManifest.xml:27:13-29:85
174                android:name="com.google.firebase.components:com.google.firebase.crashlytics.ktx.FirebaseCrashlyticsKtxRegistrar"
174-->[com.google.firebase:firebase-crashlytics-ktx:18.1.0] AndroidManifest.xml:28:17-130
175                android:value="com.google.firebase.components.ComponentRegistrar" />
175-->[com.google.firebase:firebase-crashlytics-ktx:18.1.0] AndroidManifest.xml:29:17-82
176            <meta-data
176-->[com.google.firebase:firebase-firestore-ktx:23.0.2] AndroidManifest.xml:15:13-17:85
177                android:name="com.google.firebase.components:com.google.firebase.firestore.ktx.FirebaseFirestoreKtxRegistrar"
177-->[com.google.firebase:firebase-firestore-ktx:23.0.2] AndroidManifest.xml:16:17-126
178                android:value="com.google.firebase.components.ComponentRegistrar" />
178-->[com.google.firebase:firebase-firestore-ktx:23.0.2] AndroidManifest.xml:17:17-82
179            <meta-data
179-->[com.google.firebase:firebase-auth-ktx:21.0.1] AndroidManifest.xml:11:13-13:85
180                android:name="com.google.firebase.components:com.google.firebase.auth.ktx.FirebaseAuthKtxRegistrar"
180-->[com.google.firebase:firebase-auth-ktx:21.0.1] AndroidManifest.xml:12:17-116
181                android:value="com.google.firebase.components.ComponentRegistrar" />
181-->[com.google.firebase:firebase-auth-ktx:21.0.1] AndroidManifest.xml:13:17-82
182            <meta-data
182-->[com.google.firebase:firebase-common-ktx:20.0.0] AndroidManifest.xml:15:13-17:85
183                android:name="com.google.firebase.components:com.google.firebase.ktx.FirebaseCommonKtxRegistrar"
183-->[com.google.firebase:firebase-common-ktx:20.0.0] AndroidManifest.xml:16:17-113
184                android:value="com.google.firebase.components.ComponentRegistrar" />
184-->[com.google.firebase:firebase-common-ktx:20.0.0] AndroidManifest.xml:17:17-82
185            <meta-data
185-->[com.google.firebase:firebase-storage:20.0.0] AndroidManifest.xml:33:13-35:85
186                android:name="com.google.firebase.components:com.google.firebase.storage.StorageRegistrar"
186-->[com.google.firebase:firebase-storage:20.0.0] AndroidManifest.xml:34:17-107
187                android:value="com.google.firebase.components.ComponentRegistrar" />
187-->[com.google.firebase:firebase-storage:20.0.0] AndroidManifest.xml:35:17-82
188            <meta-data
188-->[com.google.firebase:firebase-auth:21.0.1] AndroidManifest.xml:77:13-79:85
189                android:name="com.google.firebase.components:com.google.firebase.auth.FirebaseAuthRegistrar"
189-->[com.google.firebase:firebase-auth:21.0.1] AndroidManifest.xml:78:17-109
190                android:value="com.google.firebase.components.ComponentRegistrar" />
190-->[com.google.firebase:firebase-auth:21.0.1] AndroidManifest.xml:79:17-82
191            <meta-data
191-->[com.google.firebase:firebase-messaging:22.0.0] AndroidManifest.xml:52:13-54:85
192                android:name="com.google.firebase.components:com.google.firebase.messaging.FirebaseMessagingRegistrar"
192-->[com.google.firebase:firebase-messaging:22.0.0] AndroidManifest.xml:53:17-119
193                android:value="com.google.firebase.components.ComponentRegistrar" />
193-->[com.google.firebase:firebase-messaging:22.0.0] AndroidManifest.xml:54:17-82
194            <meta-data
194-->[com.google.firebase:firebase-firestore:23.0.2] AndroidManifest.xml:20:13-22:85
195                android:name="com.google.firebase.components:com.google.firebase.firestore.FirestoreRegistrar"
195-->[com.google.firebase:firebase-firestore:23.0.2] AndroidManifest.xml:21:17-111
196                android:value="com.google.firebase.components.ComponentRegistrar" />
196-->[com.google.firebase:firebase-firestore:23.0.2] AndroidManifest.xml:22:17-82
197            <meta-data
197-->[com.google.android.gms:play-services-measurement-api:19.0.0] AndroidManifest.xml:30:13-32:85
198                android:name="com.google.firebase.components:com.google.firebase.analytics.connector.internal.AnalyticsConnectorRegistrar"
198-->[com.google.android.gms:play-services-measurement-api:19.0.0] AndroidManifest.xml:31:17-139
199                android:value="com.google.firebase.components.ComponentRegistrar" />
199-->[com.google.android.gms:play-services-measurement-api:19.0.0] AndroidManifest.xml:32:17-82
200            <meta-data
200-->[com.google.firebase:firebase-crashlytics:18.1.0] AndroidManifest.xml:18:13-20:85
201                android:name="com.google.firebase.components:com.google.firebase.crashlytics.CrashlyticsRegistrar"
201-->[com.google.firebase:firebase-crashlytics:18.1.0] AndroidManifest.xml:19:17-115
202                android:value="com.google.firebase.components.ComponentRegistrar" />
202-->[com.google.firebase:firebase-crashlytics:18.1.0] AndroidManifest.xml:20:17-82
203            <meta-data
203-->[com.google.firebase:firebase-datatransport:18.0.0] AndroidManifest.xml:28:13-30:85
204                android:name="com.google.firebase.components:com.google.firebase.datatransport.TransportRegistrar"
204-->[com.google.firebase:firebase-datatransport:18.0.0] AndroidManifest.xml:29:17-115
205                android:value="com.google.firebase.components.ComponentRegistrar" />
205-->[com.google.firebase:firebase-datatransport:18.0.0] AndroidManifest.xml:30:17-82
206            <meta-data
206-->[com.google.firebase:firebase-installations:17.0.0] AndroidManifest.xml:18:13-20:85
207                android:name="com.google.firebase.components:com.google.firebase.installations.FirebaseInstallationsRegistrar"
207-->[com.google.firebase:firebase-installations:17.0.0] AndroidManifest.xml:19:17-127
208                android:value="com.google.firebase.components.ComponentRegistrar" />
208-->[com.google.firebase:firebase-installations:17.0.0] AndroidManifest.xml:20:17-82
209        </service>
210
211        <activity
211-->[:countrypicker] AndroidManifest.xml:12:9-15:54
212            android:name="com.countrypicker.CountrySelectActivity"
212-->[:countrypicker] AndroidManifest.xml:13:13-67
213            android:screenOrientation="portrait"
213-->[:countrypicker] AndroidManifest.xml:14:13-49
214            android:theme="@style/CountryAppTheme" />
214-->[:countrypicker] AndroidManifest.xml:15:13-51
215        <activity
215-->[com.google.firebase:firebase-auth:21.0.1] AndroidManifest.xml:27:9-44:20
216            android:name="com.google.firebase.auth.internal.GenericIdpActivity"
216-->[com.google.firebase:firebase-auth:21.0.1] AndroidManifest.xml:28:13-80
217            android:excludeFromRecents="true"
217-->[com.google.firebase:firebase-auth:21.0.1] AndroidManifest.xml:29:13-46
218            android:exported="true"
218-->[com.google.firebase:firebase-auth:21.0.1] AndroidManifest.xml:30:13-36
219            android:launchMode="singleTask"
219-->[com.google.firebase:firebase-auth:21.0.1] AndroidManifest.xml:31:13-44
220            android:theme="@android:style/Theme.Translucent.NoTitleBar" >
220-->[com.google.firebase:firebase-auth:21.0.1] AndroidManifest.xml:32:13-72
221            <intent-filter>
221-->[com.google.firebase:firebase-auth:21.0.1] AndroidManifest.xml:33:13-43:29
222                <action android:name="android.intent.action.VIEW" />
222-->[com.google.firebase:firebase-auth:21.0.1] AndroidManifest.xml:34:17-69
222-->[com.google.firebase:firebase-auth:21.0.1] AndroidManifest.xml:34:25-66
223
224                <category android:name="android.intent.category.DEFAULT" />
224-->[com.google.firebase:firebase-auth:21.0.1] AndroidManifest.xml:36:17-76
224-->[com.google.firebase:firebase-auth:21.0.1] AndroidManifest.xml:36:27-73
225                <category android:name="android.intent.category.BROWSABLE" />
225-->[com.google.firebase:firebase-auth:21.0.1] AndroidManifest.xml:37:17-78
225-->[com.google.firebase:firebase-auth:21.0.1] AndroidManifest.xml:37:27-75
226
227                <data
227-->[com.google.firebase:firebase-auth:21.0.1] AndroidManifest.xml:39:17-42:51
228                    android:host="firebase.auth"
228-->[com.google.firebase:firebase-auth:21.0.1] AndroidManifest.xml:40:21-49
229                    android:path="/"
229-->[com.google.firebase:firebase-auth:21.0.1] AndroidManifest.xml:41:21-37
230                    android:scheme="genericidp" />
230-->[com.google.firebase:firebase-auth:21.0.1] AndroidManifest.xml:42:21-48
231            </intent-filter>
232        </activity>
233        <activity
233-->[com.google.firebase:firebase-auth:21.0.1] AndroidManifest.xml:45:9-62:20
234            android:name="com.google.firebase.auth.internal.RecaptchaActivity"
234-->[com.google.firebase:firebase-auth:21.0.1] AndroidManifest.xml:46:13-79
235            android:excludeFromRecents="true"
235-->[com.google.firebase:firebase-auth:21.0.1] AndroidManifest.xml:47:13-46
236            android:exported="true"
236-->[com.google.firebase:firebase-auth:21.0.1] AndroidManifest.xml:48:13-36
237            android:launchMode="singleTask"
237-->[com.google.firebase:firebase-auth:21.0.1] AndroidManifest.xml:49:13-44
238            android:theme="@android:style/Theme.Translucent.NoTitleBar" >
238-->[com.google.firebase:firebase-auth:21.0.1] AndroidManifest.xml:50:13-72
239            <intent-filter>
239-->[com.google.firebase:firebase-auth:21.0.1] AndroidManifest.xml:51:13-61:29
240                <action android:name="android.intent.action.VIEW" />
240-->[com.google.firebase:firebase-auth:21.0.1] AndroidManifest.xml:34:17-69
240-->[com.google.firebase:firebase-auth:21.0.1] AndroidManifest.xml:34:25-66
241
242                <category android:name="android.intent.category.DEFAULT" />
242-->[com.google.firebase:firebase-auth:21.0.1] AndroidManifest.xml:36:17-76
242-->[com.google.firebase:firebase-auth:21.0.1] AndroidManifest.xml:36:27-73
243                <category android:name="android.intent.category.BROWSABLE" />
243-->[com.google.firebase:firebase-auth:21.0.1] AndroidManifest.xml:37:17-78
243-->[com.google.firebase:firebase-auth:21.0.1] AndroidManifest.xml:37:27-75
244
245                <data
245-->[com.google.firebase:firebase-auth:21.0.1] AndroidManifest.xml:39:17-42:51
246                    android:host="firebase.auth"
246-->[com.google.firebase:firebase-auth:21.0.1] AndroidManifest.xml:40:21-49
247                    android:path="/"
247-->[com.google.firebase:firebase-auth:21.0.1] AndroidManifest.xml:41:21-37
248                    android:scheme="recaptcha" />
248-->[com.google.firebase:firebase-auth:21.0.1] AndroidManifest.xml:42:21-48
249            </intent-filter>
250        </activity>
251
252        <service
252-->[com.google.firebase:firebase-auth:21.0.1] AndroidManifest.xml:64:9-73:19
253            android:name="com.google.firebase.auth.api.fallback.service.FirebaseAuthFallbackService"
253-->[com.google.firebase:firebase-auth:21.0.1] AndroidManifest.xml:65:13-101
254            android:enabled="true"
254-->[com.google.firebase:firebase-auth:21.0.1] AndroidManifest.xml:66:13-35
255            android:exported="false" >
255-->[com.google.firebase:firebase-auth:21.0.1] AndroidManifest.xml:67:13-37
256            <intent-filter>
256-->[com.google.firebase:firebase-auth:21.0.1] AndroidManifest.xml:68:13-72:29
257                <action android:name="com.google.firebase.auth.api.gms.service.START" />
257-->[com.google.firebase:firebase-auth:21.0.1] AndroidManifest.xml:69:17-89
257-->[com.google.firebase:firebase-auth:21.0.1] AndroidManifest.xml:69:25-86
258
259                <category android:name="android.intent.category.DEFAULT" />
259-->[com.google.firebase:firebase-auth:21.0.1] AndroidManifest.xml:36:17-76
259-->[com.google.firebase:firebase-auth:21.0.1] AndroidManifest.xml:36:27-73
260            </intent-filter>
261        </service>
262
263        <receiver
263-->[com.google.android.gms:play-services-measurement:19.0.0] AndroidManifest.xml:29:9-33:20
264            android:name="com.google.android.gms.measurement.AppMeasurementReceiver"
264-->[com.google.android.gms:play-services-measurement:19.0.0] AndroidManifest.xml:30:13-85
265            android:enabled="true"
265-->[com.google.android.gms:play-services-measurement:19.0.0] AndroidManifest.xml:31:13-35
266            android:exported="false" >
266-->[com.google.android.gms:play-services-measurement:19.0.0] AndroidManifest.xml:32:13-37
267        </receiver>
268
269        <service
269-->[com.google.android.gms:play-services-measurement:19.0.0] AndroidManifest.xml:35:9-38:40
270            android:name="com.google.android.gms.measurement.AppMeasurementService"
270-->[com.google.android.gms:play-services-measurement:19.0.0] AndroidManifest.xml:36:13-84
271            android:enabled="true"
271-->[com.google.android.gms:play-services-measurement:19.0.0] AndroidManifest.xml:37:13-35
272            android:exported="false" />
272-->[com.google.android.gms:play-services-measurement:19.0.0] AndroidManifest.xml:38:13-37
273        <service
273-->[com.google.android.gms:play-services-measurement:19.0.0] AndroidManifest.xml:39:9-43:72
274            android:name="com.google.android.gms.measurement.AppMeasurementJobService"
274-->[com.google.android.gms:play-services-measurement:19.0.0] AndroidManifest.xml:40:13-87
275            android:enabled="true"
275-->[com.google.android.gms:play-services-measurement:19.0.0] AndroidManifest.xml:41:13-35
276            android:exported="false"
276-->[com.google.android.gms:play-services-measurement:19.0.0] AndroidManifest.xml:42:13-37
277            android:permission="android.permission.BIND_JOB_SERVICE" />
277-->[com.google.android.gms:play-services-measurement:19.0.0] AndroidManifest.xml:43:13-69
278
279        <receiver
279-->[com.google.firebase:firebase-messaging:22.0.0] AndroidManifest.xml:28:9-35:20
280            android:name="com.google.firebase.iid.FirebaseInstanceIdReceiver"
280-->[com.google.firebase:firebase-messaging:22.0.0] AndroidManifest.xml:29:13-78
281            android:exported="true"
281-->[com.google.firebase:firebase-messaging:22.0.0] AndroidManifest.xml:30:13-36
282            android:permission="com.google.android.c2dm.permission.SEND" >
282-->[com.google.firebase:firebase-messaging:22.0.0] AndroidManifest.xml:31:13-73
283            <intent-filter>
283-->[com.google.firebase:firebase-messaging:22.0.0] AndroidManifest.xml:32:13-34:29
284                <action android:name="com.google.android.c2dm.intent.RECEIVE" />
284-->[com.google.firebase:firebase-messaging:22.0.0] AndroidManifest.xml:33:17-81
284-->[com.google.firebase:firebase-messaging:22.0.0] AndroidManifest.xml:33:25-78
285            </intent-filter>
286        </receiver>
287        <!--
288             FirebaseMessagingService performs security checks at runtime,
289             but set to not exported to explicitly avoid allowing another app to call it.
290        -->
291        <service
291-->[com.google.firebase:firebase-messaging:22.0.0] AndroidManifest.xml:41:9-48:19
292            android:name="com.google.firebase.messaging.FirebaseMessagingService"
292-->[com.google.firebase:firebase-messaging:22.0.0] AndroidManifest.xml:42:13-82
293            android:directBootAware="true"
293-->[com.google.firebase:firebase-messaging:22.0.0] AndroidManifest.xml:43:13-43